<?xml version="1.0" encoding="UTF-8"?>
<testng-results ignored="0" total="1" passed="1" failed="0" skipped="0">
  <reporter-output>
  </reporter-output>
  <suite started-at="2024-06-16T17:02:14 IST" name="Surefire suite" finished-at="2024-06-16T17:02:44 IST" duration-ms="29156">
    <groups>
    </groups>
    <test started-at="2024-06-16T17:02:14 IST" name="Surefire test" finished-at="2024-06-16T17:02:44 IST" duration-ms="29156">
      <class name="com.rx.qa.testcases.loginPageTest">
        <test-method is-config="true" signature="setUp()[pri:0, instance:com.rx.qa.testcases.loginPageTest@2638011]" started-at="2024-06-16T17:02:15 IST" name="setUp" finished-at="2024-06-16T17:02:32 IST" duration-ms="17765" status="PASS">
          <reporter-output>
          </reporter-output>
        </test-method> <!-- setUp -->
        <test-method signature="loginTest()[pri:1, instance:com.rx.qa.testcases.loginPageTest@2638011]" started-at="2024-06-16T17:02:32 IST" name="loginTest" finished-at="2024-06-16T17:02:44 IST" duration-ms="11216" status="PASS">
          <reporter-output>
          </reporter-output>
        </test-method> <!-- loginTest -->
        <test-method is-config="true" signature="tearDown()[pri:0, instance:com.rx.qa.testcases.loginPageTest@2638011]" started-at="2024-06-16T17:02:44 IST" name="tearDown" finished-at="2024-06-16T17:02:44 IST" duration-ms="103" status="PASS">
          <reporter-output>
          </reporter-output>
        </test-method> <!-- tearDown -->
      </class> <!-- com.rx.qa.testcases.loginPageTest -->
    </test> <!-- Surefire test -->
  </suite> <!-- Surefire suite -->
</testng-results>
