<?xml version="1.0" encoding="UTF-8"?>
<testng-results ignored="0" total="1" passed="1" failed="0" skipped="0">
  <reporter-output>
  </reporter-output>
  <suite started-at="2024-06-16T16:57:26 IST" name="FREE CRM Application Test Automation Test Suite" finished-at="2024-06-16T16:57:38 IST" duration-ms="11723">
    <groups>
    </groups>
    <test started-at="2024-06-16T16:57:26 IST" name="Free CRM App Test Cases" finished-at="2024-06-16T16:57:38 IST" duration-ms="11723">
      <class name="com.rx.qa.testcases.loginPageTest">
        <test-method is-config="true" signature="setUp()[pri:0, instance:com.rx.qa.testcases.loginPageTest@543295b0]" started-at="2024-06-16T16:57:26 IST" name="setUp" finished-at="2024-06-16T16:57:35 IST" duration-ms="8304" status="PASS">
          <reporter-output>
          </reporter-output>
        </test-method> <!-- setUp -->
        <test-method signature="loginTest()[pri:1, instance:com.rx.qa.testcases.loginPageTest@543295b0]" started-at="2024-06-16T16:57:35 IST" name="loginTest" finished-at="2024-06-16T16:57:38 IST" duration-ms="3296" status="PASS">
          <reporter-output>
          </reporter-output>
        </test-method> <!-- loginTest -->
        <test-method is-config="true" signature="tearDown()[pri:0, instance:com.rx.qa.testcases.loginPageTest@543295b0]" started-at="2024-06-16T16:57:38 IST" name="tearDown" finished-at="2024-06-16T16:57:38 IST" duration-ms="98" status="PASS">
          <reporter-output>
          </reporter-output>
        </test-method> <!-- tearDown -->
      </class> <!-- com.rx.qa.testcases.loginPageTest -->
    </test> <!-- Free CRM App Test Cases -->
  </suite> <!-- FREE CRM Application Test Automation Test Suite -->
</testng-results>
